[TRACE] 2015-08-07 16:39:07,125 Thread:1 --- 355;PRE_BHL_HEAD有效性检查;2015-08-07 16:39:7;2015-08-07 16:39:7;47;false;false
[TRACE] 2015-08-07 16:39:07,333 Thread:1 --- 356;BHL_HEAD有效性检查;2015-08-07 16:39:7;2015-08-07 16:39:7;0;false;false
[TRACE] 2015-08-07 16:39:07,482 Thread:1 --- 357;派单工作表有效性检查;2015-08-07 16:39:7;2015-08-07 16:39:7;1;false;false
[TRACE] 2015-08-07 16:39:07,639 Thread:1 --- 358;环节号与转入转出类型匹配;2015-08-07 16:39:7;2015-08-07 16:39:7;4;false;false
[TRACE] 2015-08-07 16:39:07,785 Thread:1 --- 359;申报类型合法性检查;2015-08-07 16:39:7;2015-08-07 16:39:7;0;false;false
[TRACE] 2015-08-07 16:39:09,721 Thread:1 --- 368;PRE_BHL_LIST_IM有效性检查;2015-08-07 16:39:9;2015-08-07 16:39:9;1;false;false
[TRACE] 2015-08-07 16:39:10,009 Thread:1 --- 370;BHL_LIST_COLL有效性检查;2015-08-07 16:39:10;2015-08-07 16:39:10;1;false;false
[TRACE] 2015-08-07 16:39:11,688 Thread:1 --- 378;PRE_BHL_LIST_IM转入有效性检查;2015-08-07 16:39:11;2015-08-07 16:39:11;1;false;false
[TRACE] 2015-08-07 16:39:11,854 Thread:1 --- 377;PRE_BHL_LIST有效性检查;2015-08-07 16:39:11;2015-08-07 16:39:11;0;false;false
[TRACE] 2015-08-07 16:39:12,109 Thread:1 --- 380;BHL_LIST_COLL有效性检查;2015-08-07 16:39:12;2015-08-07 16:39:12;1;false;false
[TRACE] 2015-08-07 16:39:12,253 Thread:1 --- 421;BHL_LIST_IM转入有效性检查;2015-08-07 16:39:12;2015-08-07 16:39:12;0;false;false
[TRACE] 2015-08-07 16:39:12,380 Thread:1 --- 425;BHL_LIST_EX转出有效性检查;2015-08-07 16:39:12;2015-08-07 16:39:12;1;false;false
[TRACE] 2015-08-07 16:39:12,776 Thread:1 --- 423;暂停状态检查;2015-08-07 16:39:12;2015-08-07 16:39:12;1;false;false
[TRACE] 2015-08-07 16:39:12,905 Thread:1 --- 424;未开始执行状态检查;2015-08-07 16:39:12;2015-08-07 16:39:12;1;false;false
[TRACE] 2015-08-07 16:39:13,873 Thread:1 --- 22;流转申请表编号未填写;2015-08-07 16:39:13;2015-08-07 16:39:13;1;false;false
[TRACE] 2015-08-07 16:39:14,005 Thread:1 --- 23;申报统一编号未填写;2015-08-07 16:39:14;2015-08-07 16:39:14;0;true;false
[TRACE] 2015-08-07 16:39:14,143 Thread:1 --- 24;转出地海关未填写;2015-08-07 16:39:14;2015-08-07 16:39:14;1;false;false
[TRACE] 2015-08-07 16:39:14,289 Thread:1 --- 25;转出企业代码未填写;2015-08-07 16:39:14;2015-08-07 16:39:14;0;false;false
[TRACE] 2015-08-07 16:39:14,414 Thread:1 --- 26;转出企业名称未填写;2015-08-07 16:39:14;2015-08-07 16:39:14;0;true;false
[TRACE] 2015-08-07 16:39:14,556 Thread:1 --- 28;转入地海关未填写;2015-08-07 16:39:14;2015-08-07 16:39:14;0;false;false
[TRACE] 2015-08-07 16:39:14,921 Thread:1 --- 29;转入企业代码未填写;2015-08-07 16:39:14;2015-08-07 16:39:14;0;false;false
[TRACE] 2015-08-07 16:39:15,054 Thread:1 --- 30;转入企业名称未填写;2015-08-07 16:39:15;2015-08-07 16:39:15;0;true;false
[TRACE] 2015-08-07 16:39:15,190 Thread:1 --- 262;转入申报企业代码未填写;2015-08-07 16:39:15;2015-08-07 16:39:15;0;false;false
[TRACE] 2015-08-07 16:39:15,341 Thread:1 --- 263;转入申报企业名称未填写;2015-08-07 16:39:15;2015-08-07 16:39:15;0;false;false
[TRACE] 2015-08-07 16:39:15,476 Thread:1 --- 264;转入企业法人未填写;2015-08-07 16:39:15;2015-08-07 16:39:15;1;false;false
[TRACE] 2015-08-07 16:39:15,611 Thread:1 --- 265;转入申报人未填写;2015-08-07 16:39:15;2015-08-07 16:39:15;0;false;false
[TRACE] 2015-08-07 16:39:15,740 Thread:1 --- 266;转入地区代码未填写;2015-08-07 16:39:15;2015-08-07 16:39:15;0;true;false
[TRACE] 2015-08-07 16:39:15,869 Thread:1 --- 267;转入帐册编号未填写;2015-08-07 16:39:15;2015-08-07 16:39:15;1;false;false
[TRACE] 2015-08-07 16:39:16,011 Thread:1 --- 268;流转申请表有效期未填写;2015-08-07 16:39:16;2015-08-07 16:39:16;0;true;false
[TRACE] 2015-08-07 16:39:16,443 Thread:1 --- 271;转入申报日期格式有误;2015-08-07 16:39:16;2015-08-07 16:39:16;1;false;false
[TRACE] 2015-08-07 16:39:17,935 Thread:1 --- 280;帐册类型合法性检查;2015-08-07 16:39:17;2015-08-07 16:39:17;1;false;false
[TRACE] 2015-08-07 16:39:18,329 Thread:1 --- 285;帐册暂停进口状态检查;2015-08-07 16:39:18;2015-08-07 16:39:18;1;false;false
[TRACE] 2015-08-07 16:39:18,466 Thread:1 --- 286;帐册注销状态检查;2015-08-07 16:39:18;2015-08-07 16:39:18;1;false;false
[TRACE] 2015-08-07 16:39:18,735 Thread:1 --- 293;帐册涉案状态检查;2015-08-07 16:39:18;2015-08-07 16:39:18;1;false;false
[TRACE] 2015-08-07 16:39:18,872 Thread:1 --- 294;企业与帐册加工单位一致性检查;2015-08-07 16:39:18;2015-08-07 16:39:18;0;false;false
[TRACE] 2015-08-07 16:39:20,430 Thread:1 --- 303;流转申请表编号未填写;2015-08-07 16:39:20;2015-08-07 16:39:20;0;false;false
[TRACE] 2015-08-07 16:39:20,553 Thread:1 --- 304;转入标志未填写;2015-08-07 16:39:20;2015-08-07 16:39:20;1;false;false
[TRACE] 2015-08-07 16:39:20,682 Thread:1 --- 305;流转申请表序号未填写;2015-08-07 16:39:20;2015-08-07 16:39:20;0;false;false
[TRACE] 2015-08-07 16:39:20,809 Thread:1 --- 306;申报统一编号未填写;2015-08-07 16:39:20;2015-08-07 16:39:20;0;false;false
[TRACE] 2015-08-07 16:39:20,929 Thread:1 --- 307;商品编码未填写;2015-08-07 16:39:20;2015-08-07 16:39:20;1;false;false
[TRACE] 2015-08-07 16:39:21,053 Thread:1 --- 308;商品名称未填写;2015-08-07 16:39:21;2015-08-07 16:39:21;0;false;false
[TRACE] 2015-08-07 16:39:21,177 Thread:1 --- 309;商品规格未填写;2015-08-07 16:39:21;2015-08-07 16:39:21;1;false;false
[TRACE] 2015-08-07 16:39:21,289 Thread:1 --- 310;申报单位未填写;2015-08-07 16:39:21;2015-08-07 16:39:21;0;false;false
[TRACE] 2015-08-07 16:39:21,454 Thread:1 --- 311;申报数量未填写;2015-08-07 16:39:21;2015-08-07 16:39:21;0;false;false
[TRACE] 2015-08-07 16:39:21,572 Thread:1 --- 312;法定单位未填写;2015-08-07 16:39:21;2015-08-07 16:39:21;1;false;false
[TRACE] 2015-08-07 16:39:21,688 Thread:1 --- 313;法定数量未填写;2015-08-07 16:39:21;2015-08-07 16:39:21;0;false;false
[TRACE] 2015-08-07 16:39:21,811 Thread:1 --- 314;修改标志未填写;2015-08-07 16:39:21;2015-08-07 16:39:21;0;false;false
[TRACE] 2015-08-07 16:39:22,592 Thread:1 --- 319;修改标志合法性检查;2015-08-07 16:39:22;2015-08-07 16:39:22;1;false;false
[TRACE] 2015-08-07 16:39:22,712 Thread:1 --- 320;申报数量合法性检查;2015-08-07 16:39:22;2015-08-07 16:39:22;4;false;false
[TRACE] 2015-08-07 16:39:23,202 Thread:1 --- 323;申报表申报商品序号与海关正式库序号重复检查;2015-08-07 16:39:23;2015-08-07 16:39:23;3;false;false
[TRACE] 2015-08-07 16:39:24,807 Thread:1 --- 325;帐册中是否存在对应的商品序号;2015-08-07 16:39:24;2015-08-07 16:39:24;151;false;false
[TRACE] 2015-08-07 16:39:25,101 Thread:1 --- 326;商品编码是否与帐册一致;2015-08-07 16:39:25;2015-08-07 16:39:25;76;false;false
[TRACE] 2015-08-07 16:39:25,324 Thread:1 --- 327;商品名称是否与帐册一致;2015-08-07 16:39:25;2015-08-07 16:39:25;45;true;false
[TRACE] 2015-08-07 16:39:25,544 Thread:1 --- 328;规格型号是否与帐册一致;2015-08-07 16:39:25;2015-08-07 16:39:25;43;true;false
[TRACE] 2015-08-07 16:39:25,736 Thread:1 --- 329;申报单位是否与帐册一致;2015-08-07 16:39:25;2015-08-07 16:39:25;32;true;false
[TRACE] 2015-08-07 16:39:25,900 Thread:1 --- 330;商品是否暂停进出口;2015-08-07 16:39:25;2015-08-07 16:39:25;35;true;false
[TRACE] 2015-08-07 16:39:26,326 Thread:1 --- 333;申请表表体帐册项号重复;2015-08-07 16:39:26;2015-08-07 16:39:26;0;true;false
[TRACE] 2015-08-07 16:39:26,452 Thread:1 --- 334;申请表变更时表体帐册项号与备案帐册项号重复;2015-08-07 16:39:26;2015-08-07 16:39:26;1;false;false
[TRACE] 2015-08-07 16:39:26,830 Thread:1 --- 337;转入帐册编号不能变更;2015-08-07 16:39:26;2015-08-07 16:39:26;1;false;false
[TRACE] 2015-08-07 16:39:26,948 Thread:1 --- 338;转入企业内部编号不能变更;2015-08-07 16:39:26;2015-08-07 16:39:26;0;false;false
[TRACE] 2015-08-07 16:39:27,070 Thread:1 --- 339;转入地海关不能变更;2015-08-07 16:39:27;2015-08-07 16:39:27;0;false;false
[TRACE] 2015-08-07 16:39:27,195 Thread:1 --- 340;转入企业代码不能变更;2015-08-07 16:39:27;2015-08-07 16:39:27;0;false;false
[TRACE] 2015-08-07 16:39:27,348 Thread:1 --- 341;转入企业名称不能变更;2015-08-07 16:39:27;2015-08-07 16:39:27;0;false;false
[TRACE] 2015-08-07 16:39:27,486 Thread:1 --- 342;转入申报企业代码不能变更;2015-08-07 16:39:27;2015-08-07 16:39:27;1;false;false
[TRACE] 2015-08-07 16:39:27,617 Thread:1 --- 343;转入申报企业名称不能变更;2015-08-07 16:39:27;2015-08-07 16:39:27;0;false;false
[TRACE] 2015-08-07 16:39:27,742 Thread:1 --- 344;转入企业法人不能变更;2015-08-07 16:39:27;2015-08-07 16:39:27;0;false;false
[TRACE] 2015-08-07 16:39:27,867 Thread:1 --- 345;转入申报人不能变更;2015-08-07 16:39:27;2015-08-07 16:39:27;0;false;false
[TRACE] 2015-08-07 16:39:28,004 Thread:1 --- 346;转入地区代码不能变更;2015-08-07 16:39:28;2015-08-07 16:39:28;1;false;false
[TRACE] 2015-08-07 16:39:28,130 Thread:1 --- 347;转入地企业备注不能变更;2015-08-07 16:39:28;2015-08-07 16:39:28;0;false;false
[TRACE] 2015-08-07 16:39:28,262 Thread:1 --- 348;转入报关员编号不能变更;2015-08-07 16:39:28;2015-08-07 16:39:28;0;false;false
[TRACE] 2015-08-07 16:39:28,432 Thread:1 --- 349;预计运输耗时不能变更;2015-08-07 16:39:28;2015-08-07 16:39:28;0;false;false
[TRACE] 2015-08-07 16:39:28,551 Thread:1 --- 350;送货距离不能变更;2015-08-07 16:39:28;2015-08-07 16:39:28;0;false;false
[TRACE] 2015-08-07 16:39:28,674 Thread:1 --- 351;变更有效期提示;2015-08-07 16:39:28;2015-08-07 16:39:28;0;false;false
[TRACE] 2015-08-07 16:39:28,799 Thread:1 --- 352;有效期是否超出备案日期1年;2015-08-07 16:39:28;2015-08-07 16:39:28;2;false;false
[TRACE] 2015-08-07 16:39:29,167 Thread:1 --- 337;转入帐册编号不能变更;2015-08-07 16:39:29;2015-08-07 16:39:29;0;false;false
[TRACE] 2015-08-07 16:39:29,282 Thread:1 --- 338;转入企业内部编号不能变更;2015-08-07 16:39:29;2015-08-07 16:39:29;0;false;false
[TRACE] 2015-08-07 16:39:29,401 Thread:1 --- 339;转入地海关不能变更;2015-08-07 16:39:29;2015-08-07 16:39:29;0;false;false
[TRACE] 2015-08-07 16:39:29,565 Thread:1 --- 340;转入企业代码不能变更;2015-08-07 16:39:29;2015-08-07 16:39:29;0;false;false
[TRACE] 2015-08-07 16:39:29,698 Thread:1 --- 341;转入企业名称不能变更;2015-08-07 16:39:29;2015-08-07 16:39:29;0;false;false
[TRACE] 2015-08-07 16:39:29,819 Thread:1 --- 342;转入申报企业代码不能变更;2015-08-07 16:39:29;2015-08-07 16:39:29;0;false;false
[TRACE] 2015-08-07 16:39:29,938 Thread:1 --- 343;转入申报企业名称不能变更;2015-08-07 16:39:29;2015-08-07 16:39:29;0;false;false
[TRACE] 2015-08-07 16:39:30,060 Thread:1 --- 344;转入企业法人不能变更;2015-08-07 16:39:30;2015-08-07 16:39:30;0;false;false
[TRACE] 2015-08-07 16:39:30,191 Thread:1 --- 345;转入申报人不能变更;2015-08-07 16:39:30;2015-08-07 16:39:30;0;false;false
[TRACE] 2015-08-07 16:39:30,307 Thread:1 --- 346;转入地区代码不能变更;2015-08-07 16:39:30;2015-08-07 16:39:30;1;false;false
[TRACE] 2015-08-07 16:39:30,428 Thread:1 --- 347;转入地企业备注不能变更;2015-08-07 16:39:30;2015-08-07 16:39:30;0;false;false
[TRACE] 2015-08-07 16:39:30,541 Thread:1 --- 348;转入报关员编号不能变更;2015-08-07 16:39:30;2015-08-07 16:39:30;0;false;false
[TRACE] 2015-08-07 16:39:30,705 Thread:1 --- 349;预计运输耗时不能变更;2015-08-07 16:39:30;2015-08-07 16:39:30;0;false;false
[TRACE] 2015-08-07 16:39:30,818 Thread:1 --- 350;送货距离不能变更;2015-08-07 16:39:30;2015-08-07 16:39:30;0;false;false
[TRACE] 2015-08-07 16:39:30,939 Thread:1 --- 351;变更有效期提示;2015-08-07 16:39:30;2015-08-07 16:39:30;0;false;false
[TRACE] 2015-08-07 16:39:31,057 Thread:1 --- 352;有效期是否超出备案日期1年;2015-08-07 16:39:31;2015-08-07 16:39:31;0;false;false
[TRACE] 2015-08-07 16:39:31,827 Thread:1 --- 1018;转入商品项号没有对应的转出商品项号;2015-08-07 16:39:31;2015-08-07 16:39:31;1;true;false
[TRACE] 2015-08-07 16:39:32,469 Thread:1 --- 303;流转申请表编号未填写;2015-08-07 16:39:32;2015-08-07 16:39:32;0;false;false
[TRACE] 2015-08-07 16:39:32,651 Thread:1 --- 304;转入标志未填写;2015-08-07 16:39:32;2015-08-07 16:39:32;1;false;false
[TRACE] 2015-08-07 16:39:32,759 Thread:1 --- 305;流转申请表序号未填写;2015-08-07 16:39:32;2015-08-07 16:39:32;0;false;false
[TRACE] 2015-08-07 16:39:32,866 Thread:1 --- 306;申报统一编号未填写;2015-08-07 16:39:32;2015-08-07 16:39:32;0;false;false
[TRACE] 2015-08-07 16:39:32,985 Thread:1 --- 307;商品编码未填写;2015-08-07 16:39:32;2015-08-07 16:39:32;0;false;false
[TRACE] 2015-08-07 16:39:33,102 Thread:1 --- 308;商品名称未填写;2015-08-07 16:39:33;2015-08-07 16:39:33;0;false;false
[TRACE] 2015-08-07 16:39:33,223 Thread:1 --- 309;商品规格未填写;2015-08-07 16:39:33;2015-08-07 16:39:33;0;false;false
[TRACE] 2015-08-07 16:39:33,333 Thread:1 --- 310;申报单位未填写;2015-08-07 16:39:33;2015-08-07 16:39:33;0;false;false
[TRACE] 2015-08-07 16:39:33,510 Thread:1 --- 311;申报数量未填写;2015-08-07 16:39:33;2015-08-07 16:39:33;0;false;false
[TRACE] 2015-08-07 16:39:33,614 Thread:1 --- 312;法定单位未填写;2015-08-07 16:39:33;2015-08-07 16:39:33;0;false;false
[TRACE] 2015-08-07 16:39:33,724 Thread:1 --- 313;法定数量未填写;2015-08-07 16:39:33;2015-08-07 16:39:33;0;false;false
[TRACE] 2015-08-07 16:39:33,838 Thread:1 --- 314;修改标志未填写;2015-08-07 16:39:33;2015-08-07 16:39:33;0;false;false
[TRACE] 2015-08-07 16:39:34,640 Thread:1 --- 319;修改标志合法性检查;2015-08-07 16:39:34;2015-08-07 16:39:34;0;false;false
[TRACE] 2015-08-07 16:39:34,761 Thread:1 --- 320;申报数量合法性检查;2015-08-07 16:39:34;2015-08-07 16:39:34;0;false;false
[TRACE] 2015-08-07 16:39:35,298 Thread:1 --- 323;申报表申报商品序号与海关正式库序号重复检查;2015-08-07 16:39:35;2015-08-07 16:39:35;2;false;false
[TRACE] 2015-08-07 16:39:35,927 Thread:1 --- 325;帐册中是否存在对应的商品序号;2015-08-07 16:39:35;2015-08-07 16:39:35;52;false;false
[TRACE] 2015-08-07 16:39:36,155 Thread:1 --- 326;商品编码是否与帐册一致;2015-08-07 16:39:36;2015-08-07 16:39:36;33;false;false
[TRACE] 2015-08-07 16:39:36,333 Thread:1 --- 327;商品名称是否与帐册一致;2015-08-07 16:39:36;2015-08-07 16:39:36;28;false;false
[TRACE] 2015-08-07 16:39:36,504 Thread:1 --- 328;规格型号是否与帐册一致;2015-08-07 16:39:36;2015-08-07 16:39:36;26;true;false
[TRACE] 2015-08-07 16:39:36,751 Thread:1 --- 329;申报单位是否与帐册一致;2015-08-07 16:39:36;2015-08-07 16:39:36;24;false;false
[TRACE] 2015-08-07 16:39:36,905 Thread:1 --- 330;商品是否暂停进出口;2015-08-07 16:39:36;2015-08-07 16:39:36;23;true;false
[TRACE] 2015-08-07 16:39:37,341 Thread:1 --- 333;申请表表体帐册项号重复;2015-08-07 16:39:37;2015-08-07 16:39:37;0;true;false
[TRACE] 2015-08-07 16:39:37,467 Thread:1 --- 334;申请表变更时表体帐册项号与备案帐册项号重复;2015-08-07 16:39:37;2015-08-07 16:39:37;0;false;false
[TRACE] 2015-08-07 16:39:37,841 Thread:1 --- 337;转入帐册编号不能变更;2015-08-07 16:39:37;2015-08-07 16:39:37;0;false;false
[TRACE] 2015-08-07 16:39:39,395 Thread:1 --- 338;转入企业内部编号不能变更;2015-08-07 16:39:39;2015-08-07 16:39:39;0;false;false
[TRACE] 2015-08-07 16:39:39,541 Thread:1 --- 339;转入地海关不能变更;2015-08-07 16:39:39;2015-08-07 16:39:39;0;false;false
[TRACE] 2015-08-07 16:39:39,673 Thread:1 --- 340;转入企业代码不能变更;2015-08-07 16:39:39;2015-08-07 16:39:39;0;false;false
[TRACE] 2015-08-07 16:39:39,788 Thread:1 --- 341;转入企业名称不能变更;2015-08-07 16:39:39;2015-08-07 16:39:39;0;false;false
[TRACE] 2015-08-07 16:39:39,919 Thread:1 --- 342;转入申报企业代码不能变更;2015-08-07 16:39:39;2015-08-07 16:39:39;0;false;false
[TRACE] 2015-08-07 16:39:40,135 Thread:1 --- 343;转入申报企业名称不能变更;2015-08-07 16:39:40;2015-08-07 16:39:40;0;false;false
[TRACE] 2015-08-07 16:39:40,264 Thread:1 --- 344;转入企业法人不能变更;2015-08-07 16:39:40;2015-08-07 16:39:40;0;false;false
[TRACE] 2015-08-07 16:39:40,393 Thread:1 --- 345;转入申报人不能变更;2015-08-07 16:39:40;2015-08-07 16:39:40;0;false;false
[TRACE] 2015-08-07 16:39:40,513 Thread:1 --- 346;转入地区代码不能变更;2015-08-07 16:39:40;2015-08-07 16:39:40;0;false;false
[TRACE] 2015-08-07 16:39:40,637 Thread:1 --- 347;转入地企业备注不能变更;2015-08-07 16:39:40;2015-08-07 16:39:40;0;false;false
[TRACE] 2015-08-07 16:39:40,779 Thread:1 --- 348;转入报关员编号不能变更;2015-08-07 16:39:40;2015-08-07 16:39:40;0;false;false
[TRACE] 2015-08-07 16:39:40,890 Thread:1 --- 349;预计运输耗时不能变更;2015-08-07 16:39:40;2015-08-07 16:39:40;0;false;false
[TRACE] 2015-08-07 16:39:41,010 Thread:1 --- 350;送货距离不能变更;2015-08-07 16:39:41;2015-08-07 16:39:41;0;false;false
[TRACE] 2015-08-07 16:39:41,128 Thread:1 --- 351;变更有效期提示;2015-08-07 16:39:41;2015-08-07 16:39:41;0;false;false
[TRACE] 2015-08-07 16:39:41,253 Thread:1 --- 352;有效期是否超出备案日期1年;2015-08-07 16:39:41;2015-08-07 16:39:41;0;false;false
[TRACE] 2015-08-07 16:39:41,640 Thread:1 --- 337;转入帐册编号不能变更;2015-08-07 16:39:41;2015-08-07 16:39:41;1;false;false
[TRACE] 2015-08-07 16:39:41,757 Thread:1 --- 338;转入企业内部编号不能变更;2015-08-07 16:39:41;2015-08-07 16:39:41;1;false;false
[TRACE] 2015-08-07 16:39:41,888 Thread:1 --- 339;转入地海关不能变更;2015-08-07 16:39:41;2015-08-07 16:39:41;0;false;false
[TRACE] 2015-08-07 16:39:42,026 Thread:1 --- 340;转入企业代码不能变更;2015-08-07 16:39:42;2015-08-07 16:39:42;0;false;false
[TRACE] 2015-08-07 16:39:42,142 Thread:1 --- 341;转入企业名称不能变更;2015-08-07 16:39:42;2015-08-07 16:39:42;0;false;false
[TRACE] 2015-08-07 16:39:42,254 Thread:1 --- 342;转入申报企业代码不能变更;2015-08-07 16:39:42;2015-08-07 16:39:42;0;false;false
[TRACE] 2015-08-07 16:39:42,382 Thread:1 --- 343;转入申报企业名称不能变更;2015-08-07 16:39:42;2015-08-07 16:39:42;0;false;false
[TRACE] 2015-08-07 16:39:42,502 Thread:1 --- 344;转入企业法人不能变更;2015-08-07 16:39:42;2015-08-07 16:39:42;0;false;false
[TRACE] 2015-08-07 16:39:42,628 Thread:1 --- 345;转入申报人不能变更;2015-08-07 16:39:42;2015-08-07 16:39:42;0;false;false
[TRACE] 2015-08-07 16:39:42,782 Thread:1 --- 346;转入地区代码不能变更;2015-08-07 16:39:42;2015-08-07 16:39:42;0;false;false
[TRACE] 2015-08-07 16:39:42,896 Thread:1 --- 347;转入地企业备注不能变更;2015-08-07 16:39:42;2015-08-07 16:39:42;0;false;false
[TRACE] 2015-08-07 16:39:43,019 Thread:1 --- 348;转入报关员编号不能变更;2015-08-07 16:39:43;2015-08-07 16:39:43;0;false;false
[TRACE] 2015-08-07 16:39:43,138 Thread:1 --- 349;预计运输耗时不能变更;2015-08-07 16:39:43;2015-08-07 16:39:43;0;false;false
[TRACE] 2015-08-07 16:39:43,258 Thread:1 --- 350;送货距离不能变更;2015-08-07 16:39:43;2015-08-07 16:39:43;1;false;false
[TRACE] 2015-08-07 16:39:43,379 Thread:1 --- 351;变更有效期提示;2015-08-07 16:39:43;2015-08-07 16:39:43;0;false;false
[TRACE] 2015-08-07 16:39:43,558 Thread:1 --- 352;有效期是否超出备案日期1年;2015-08-07 16:39:43;2015-08-07 16:39:43;0;false;false
[TRACE] 2015-08-07 16:39:44,313 Thread:1 --- 1018;转入商品项号没有对应的转出商品项号;2015-08-07 16:39:44;2015-08-07 16:39:44;0;true;false
[TRACE] 2015-08-07 16:39:45,311 Thread:1 --- 904;流转申请表编号未填写;2015-08-07 16:39:45;2015-08-07 16:39:45;0;false;false
[TRACE] 2015-08-07 16:39:45,428 Thread:1 --- 905;申报统一编号未填写;2015-08-07 16:39:45;2015-08-07 16:39:45;0;true;false
[TRACE] 2015-08-07 16:39:45,560 Thread:1 --- 906;转出地海关未填写;2015-08-07 16:39:45;2015-08-07 16:39:45;0;false;false
[TRACE] 2015-08-07 16:39:45,696 Thread:1 --- 907;转出企业代码未填写;2015-08-07 16:39:45;2015-08-07 16:39:45;0;false;false
[TRACE] 2015-08-07 16:39:45,863 Thread:1 --- 908;转出企业名称未填写;2015-08-07 16:39:45;2015-08-07 16:39:45;0;true;false
[TRACE] 2015-08-07 16:39:46,340 Thread:1 --- 912;转出申报企业代码未填写;2015-08-07 16:39:46;2015-08-07 16:39:46;0;false;false
[TRACE] 2015-08-07 16:39:46,467 Thread:1 --- 913;转出申报企业名称未填写;2015-08-07 16:39:46;2015-08-07 16:39:46;0;false;false
[TRACE] 2015-08-07 16:39:46,656 Thread:1 --- 914;转出企业法人未填写;2015-08-07 16:39:46;2015-08-07 16:39:46;0;false;false
[TRACE] 2015-08-07 16:39:46,773 Thread:1 --- 915;转出申报人未填写;2015-08-07 16:39:46;2015-08-07 16:39:46;0;false;false
[TRACE] 2015-08-07 16:39:46,899 Thread:1 --- 916;转出地区代码未填写;2015-08-07 16:39:46;2015-08-07 16:39:46;0;false;false
[TRACE] 2015-08-07 16:39:47,012 Thread:1 --- 917;转出帐册编号未填写;2015-08-07 16:39:47;2015-08-07 16:39:47;0;false;false
[TRACE] 2015-08-07 16:39:47,139 Thread:1 --- 918;流转申请表有效期未填写;2015-08-07 16:39:47;2015-08-07 16:39:47;0;true;false
[TRACE] 2015-08-07 16:39:47,533 Thread:1 --- 920;转出申报日期格式有误;2015-08-07 16:39:47;2015-08-07 16:39:47;0;false;false
[TRACE] 2015-08-07 16:39:49,009 Thread:1 --- 949;帐册类型合法性检查;2015-08-07 16:39:49;2015-08-07 16:39:49;1;false;false
[TRACE] 2015-08-07 16:39:49,362 Thread:1 --- 951;帐册暂停进口状态检查;2015-08-07 16:39:49;2015-08-07 16:39:49;0;false;false
[TRACE] 2015-08-07 16:39:49,552 Thread:1 --- 952;帐册注销状态检查;2015-08-07 16:39:49;2015-08-07 16:39:49;0;false;false
[TRACE] 2015-08-07 16:39:49,791 Thread:1 --- 954;帐册涉案状态检查;2015-08-07 16:39:49;2015-08-07 16:39:49;0;false;false
[TRACE] 2015-08-07 16:39:49,915 Thread:1 --- 955;企业与帐册加工单位一致性检查;2015-08-07 16:39:49;2015-08-07 16:39:49;0;true;false
[TRACE] 2015-08-07 16:39:51,555 Thread:1 --- 964;流转申请表编号未填写;2015-08-07 16:39:51;2015-08-07 16:39:51;0;false;false
[TRACE] 2015-08-07 16:39:51,670 Thread:1 --- 965;转出标志未填写;2015-08-07 16:39:51;2015-08-07 16:39:51;0;false;false
[TRACE] 2015-08-07 16:39:51,839 Thread:1 --- 966;流转申请表序号未填写;2015-08-07 16:39:51;2015-08-07 16:39:51;1;false;false
[TRACE] 2015-08-07 16:39:51,956 Thread:1 --- 967;申报统一编号未填写;2015-08-07 16:39:51;2015-08-07 16:39:51;0;false;false
[TRACE] 2015-08-07 16:39:52,071 Thread:1 --- 968;商品编码未填写;2015-08-07 16:39:52;2015-08-07 16:39:52;0;false;false
[TRACE] 2015-08-07 16:39:52,189 Thread:1 --- 969;商品名称未填写;2015-08-07 16:39:52;2015-08-07 16:39:52;0;false;false
[TRACE] 2015-08-07 16:39:52,356 Thread:1 --- 970;商品规格未填写;2015-08-07 16:39:52;2015-08-07 16:39:52;0;false;false
[TRACE] 2015-08-07 16:39:52,472 Thread:1 --- 971;申报单位未填写;2015-08-07 16:39:52;2015-08-07 16:39:52;0;false;false
[TRACE] 2015-08-07 16:39:52,588 Thread:1 --- 972;申报数量未填写;2015-08-07 16:39:52;2015-08-07 16:39:52;0;false;false
[TRACE] 2015-08-07 16:39:52,721 Thread:1 --- 973;法定单位未填写;2015-08-07 16:39:52;2015-08-07 16:39:52;0;false;false
[TRACE] 2015-08-07 16:39:54,352 Thread:1 --- 974;法定数量未填写;2015-08-07 16:39:54;2015-08-07 16:39:54;1;false;false
[TRACE] 2015-08-07 16:39:54,474 Thread:1 --- 975;修改标志未填写;2015-08-07 16:39:54;2015-08-07 16:39:54;0;false;false
[TRACE] 2015-08-07 16:39:55,315 Thread:1 --- 980;修改标志合法性检查;2015-08-07 16:39:55;2015-08-07 16:39:55;0;false;false
[TRACE] 2015-08-07 16:39:55,434 Thread:1 --- 981;申报数量合法性检查;2015-08-07 16:39:55;2015-08-07 16:39:55;0;false;false
[TRACE] 2015-08-07 16:39:55,933 Thread:1 --- 984;申报表申报商品序号与海关正式库序号重复检查;2015-08-07 16:39:55;2015-08-07 16:39:55;1;false;false
[TRACE] 2015-08-07 16:39:56,586 Thread:1 --- 986;帐册中是否存在对应的商品序号;2015-08-07 16:39:56;2015-08-07 16:39:56;26;false;false
[TRACE] 2015-08-07 16:39:56,776 Thread:1 --- 987;商品编码是否与帐册一致;2015-08-07 16:39:56;2015-08-07 16:39:56;26;true;false
[TRACE] 2015-08-07 16:39:56,940 Thread:1 --- 988;商品名称是否与帐册一致;2015-08-07 16:39:56;2015-08-07 16:39:56;20;true;false
[TRACE] 2015-08-07 16:39:57,106 Thread:1 --- 989;规格型号是否与帐册一致;2015-08-07 16:39:57;2015-08-07 16:39:57;24;true;false
[TRACE] 2015-08-07 16:39:57,298 Thread:1 --- 990;申报单位是否与帐册一致;2015-08-07 16:39:57;2015-08-07 16:39:57;25;false;false
[TRACE] 2015-08-07 16:39:57,444 Thread:1 --- 991;商品是否暂停进出口;2015-08-07 16:39:57;2015-08-07 16:39:57;22;true;false
[TRACE] 2015-08-07 16:39:57,814 Thread:1 --- 994;申请表表体帐册项号重复;2015-08-07 16:39:57;2015-08-07 16:39:57;1;false;false
[TRACE] 2015-08-07 16:39:57,960 Thread:1 --- 995;申请表变更时表体帐册项号与备案帐册项号重复;2015-08-07 16:39:57;2015-08-07 16:39:57;1;false;false
[TRACE] 2015-08-07 16:39:58,352 Thread:1 --- 997;转出帐册编号不能变更;2015-08-07 16:39:58;2015-08-07 16:39:58;0;false;false
[TRACE] 2015-08-07 16:39:58,481 Thread:1 --- 998;转出企业内部编号不能变更;2015-08-07 16:39:58;2015-08-07 16:39:58;0;false;false
[TRACE] 2015-08-07 16:39:58,639 Thread:1 --- 999;转出地海关不能变更;2015-08-07 16:39:58;2015-08-07 16:39:58;0;false;false
[TRACE] 2015-08-07 16:39:58,770 Thread:1 --- 1000;转出企业代码不能变更;2015-08-07 16:39:58;2015-08-07 16:39:58;0;false;false
[TRACE] 2015-08-07 16:39:58,901 Thread:1 --- 1001;转出企业名称不能变更;2015-08-07 16:39:58;2015-08-07 16:39:58;0;false;false
[TRACE] 2015-08-07 16:39:59,027 Thread:1 --- 1002;转出申报企业代码不能变更;2015-08-07 16:39:59;2015-08-07 16:39:59;0;false;false
[TRACE] 2015-08-07 16:39:59,147 Thread:1 --- 1003;转出申报企业名称不能变更;2015-08-07 16:39:59;2015-08-07 16:39:59;0;false;false
[TRACE] 2015-08-07 16:39:59,326 Thread:1 --- 1004;转出企业法人不能变更;2015-08-07 16:39:59;2015-08-07 16:39:59;1;false;false
[TRACE] 2015-08-07 16:39:59,454 Thread:1 --- 1005;转出申报人不能变更;2015-08-07 16:39:59;2015-08-07 16:39:59;0;false;false
[TRACE] 2015-08-07 16:39:59,571 Thread:1 --- 1006;转出地区代码不能变更;2015-08-07 16:39:59;2015-08-07 16:39:59;0;false;false
[TRACE] 2015-08-07 16:39:59,694 Thread:1 --- 1007;转出地企业备注不能变更;2015-08-07 16:39:59;2015-08-07 16:39:59;0;false;false
[TRACE] 2015-08-07 16:39:59,802 Thread:1 --- 1008;转出报关员编号不能变更;2015-08-07 16:39:59;2015-08-07 16:39:59;0;false;false
[TRACE] 2015-08-07 16:39:59,976 Thread:1 --- 1009;预计运输耗时不能变更;2015-08-07 16:39:59;2015-08-07 16:39:59;0;false;false
[TRACE] 2015-08-07 16:40:00,093 Thread:1 --- 1010;送货距离不能变更;2015-08-07 16:40:0;2015-08-07 16:40:0;0;false;false
[TRACE] 2015-08-07 16:40:00,217 Thread:1 --- 1011;变更有效期提示;2015-08-07 16:40:0;2015-08-07 16:40:0;0;false;false
[TRACE] 2015-08-07 16:40:00,341 Thread:1 --- 1012;有效期是否超出备案日期1年;2015-08-07 16:40:0;2015-08-07 16:40:0;1;false;false
[TRACE] 2015-08-07 16:40:00,761 Thread:1 --- 997;转出帐册编号不能变更;2015-08-07 16:40:0;2015-08-07 16:40:0;0;false;false
[TRACE] 2015-08-07 16:40:00,889 Thread:1 --- 998;转出企业内部编号不能变更;2015-08-07 16:40:0;2015-08-07 16:40:0;0;false;false
[TRACE] 2015-08-07 16:40:01,007 Thread:1 --- 999;转出地海关不能变更;2015-08-07 16:40:1;2015-08-07 16:40:1;0;false;false
[TRACE] 2015-08-07 16:40:01,119 Thread:1 --- 1000;转出企业代码不能变更;2015-08-07 16:40:1;2015-08-07 16:40:1;0;false;false
[TRACE] 2015-08-07 16:40:01,235 Thread:1 --- 1001;转出企业名称不能变更;2015-08-07 16:40:1;2015-08-07 16:40:1;0;false;false
[TRACE] 2015-08-07 16:40:01,418 Thread:1 --- 1002;转出申报企业代码不能变更;2015-08-07 16:40:1;2015-08-07 16:40:1;0;false;false
[TRACE] 2015-08-07 16:40:01,534 Thread:1 --- 1003;转出申报企业名称不能变更;2015-08-07 16:40:1;2015-08-07 16:40:1;0;false;false
[TRACE] 2015-08-07 16:40:01,652 Thread:1 --- 1004;转出企业法人不能变更;2015-08-07 16:40:1;2015-08-07 16:40:1;0;false;false
[TRACE] 2015-08-07 16:40:01,776 Thread:1 --- 1005;转出申报人不能变更;2015-08-07 16:40:1;2015-08-07 16:40:1;1;false;false
[TRACE] 2015-08-07 16:40:01,899 Thread:1 --- 1006;转出地区代码不能变更;2015-08-07 16:40:1;2015-08-07 16:40:1;0;false;false
[TRACE] 2015-08-07 16:40:02,019 Thread:1 --- 1007;转出地企业备注不能变更;2015-08-07 16:40:2;2015-08-07 16:40:2;0;false;false
[TRACE] 2015-08-07 16:40:02,177 Thread:1 --- 1008;转出报关员编号不能变更;2015-08-07 16:40:2;2015-08-07 16:40:2;0;false;false
[TRACE] 2015-08-07 16:40:02,296 Thread:1 --- 1009;预计运输耗时不能变更;2015-08-07 16:40:2;2015-08-07 16:40:2;0;false;false
[TRACE] 2015-08-07 16:40:02,416 Thread:1 --- 1010;送货距离不能变更;2015-08-07 16:40:2;2015-08-07 16:40:2;0;false;false
[TRACE] 2015-08-07 16:40:02,539 Thread:1 --- 1011;变更有效期提示;2015-08-07 16:40:2;2015-08-07 16:40:2;0;false;false
[TRACE] 2015-08-07 16:40:02,656 Thread:1 --- 1012;有效期是否超出备案日期1年;2015-08-07 16:40:2;2015-08-07 16:40:2;0;false;false
[TRACE] 2015-08-07 16:40:03,402 Thread:1 --- 1019;转出商品项号没有对应的转入商品项号;2015-08-07 16:40:3;2015-08-07 16:40:3;0;true;false
[TRACE] 2015-08-07 16:40:04,094 Thread:1 --- 1025;转入转出表体法定数量比对失败;2015-08-07 16:40:4;2015-08-07 16:40:4;0;false;false
[TRACE] 2015-08-07 16:40:04,213 Thread:1 --- 1023;转入转出表体申报数量比对;2015-08-07 16:40:4;2015-08-07 16:40:4;0;false;false
[TRACE] 2015-08-07 16:40:04,395 Thread:1 --- 1024;转入转出表体申报数量比对失败，但法定数量比对成功;2015-08-07 16:40:4;2015-08-07 16:40:4;0;true;false
